# JRE version: Java(TM) SE Runtime Environment (20.0.2+9) (build 20.0.2+9-78)
# Java VM: Java HotSpot(TM) 64-Bit Server VM (20.0.2+9-78, mixed mode, sharing, tiered, compressed oops, compressed class ptrs, g1 gc, windows-amd64)
GC Precious Log:
 CardTable entry size: 512
 Card Set container configuration: InlinePtr #cards 4 size 8 Array Of Cards #cards 16 size 48 Howl #buckets 8 coarsen threshold 3686 Howl Bitmap #cards 512 size 80 coarsen threshold 460 Card regions per heap region 1 cards per card region 4096
 CPUs: 8 total, 8 available
 Memory: 16191M
 Large Page Support: Disabled
 NUMA Support: Disabled
 Compressed Oops: Enabled (Zero based)
 Heap Region Size: 2M
 Heap Min Capacity: 8M
 Heap Initial Capacity: 254M
 Heap Max Capacity: 4048M
 Pre-touch: Disabled
 Parallel Workers: 8
 Concurrent Workers: 2
 Concurrent Refinement Workers: 8
 Periodic GC: Disabled
Heap:
 garbage-first heap   total 65536K, used 7547K [0x0000000703000000, 0x0000000800000000)
  region size 2048K, 1 young (2048K), 1 survivors (2048K)
 Metaspace       used 7488K, committed 7872K, reserved 1114112K
  class space    used 691K, committed 832K, reserved 1048576K
GC Heap History (20 events):
Event: 8340.548 GC heap after
{Heap after GC invocations=14506 (full 0):
 garbage-first heap   total 49152K, used 6712K [0x0000000703000000, 0x0000000800000000)
  region size 2048K, 1 young (2048K), 1 survivors (2048K)
 Metaspace       used 7488K, committed 7872K, reserved 1114112K
  class space    used 691K, committed 832K, reserved 1048576K
}
Event: 8340.710 GC heap before
{Heap before GC invocations=14507 (full 0):
 garbage-first heap   total 40960K, used 27192K [0x0000000703000000, 0x0000000800000000)
  region size 2048K, 12 young (24576K), 1 survivors (2048K)
 Metaspace       used 7488K, committed 7872K, reserved 1114112K
  class space    used 691K, committed 832K, reserved 1048576K
}
Event: 8340.712 GC heap after
{Heap after GC invocations=14508 (full 0):
 garbage-first heap   total 151552K, used 6868K [0x0000000703000000, 0x0000000800000000)
  region size 2048K, 1 young (2048K), 1 survivors (2048K)
 Metaspace       used 7488K, committed 7872K, reserved 1114112K
  class space    used 691K, committed 832K, reserved 1048576K
}
Event: 8341.414 GC heap before
{Heap before GC invocations=14508 (full 0):
 garbage-first heap   total 151552K, used 92884K [0x0000000703000000, 0x0000000800000000)
  region size 2048K, 44 young (90112K), 1 survivors (2048K)
 Metaspace       used 7488K, committed 7872K, reserved 1114112K
  class space    used 691K, committed 832K, reserved 1048576K
}
Event: 8341.415 GC heap after
{Heap after GC invocations=14509 (full 0):
 garbage-first heap   total 151552K, used 6483K [0x0000000703000000, 0x0000000800000000)
  region size 2048K, 1 young (2048K), 1 survivors (2048K)
 Metaspace       used 7488K, committed 7872K, reserved 1114112K
  class space    used 691K, committed 832K, reserved 1048576K
}
Event: 8341.908 GC heap before
{Heap before GC invocations=14509 (full 0):
 garbage-first heap   total 151552K, used 92499K [0x0000000703000000, 0x0000000800000000)
  region size 2048K, 44 young (90112K), 1 survivors (2048K)
 Metaspace       used 7488K, committed 7872K, reserved 1114112K
  class space    used 691K, committed 832K, reserved 1048576K
}
Event: 8341.910 GC heap after
{Heap after GC invocations=14510 (full 0):
 garbage-first heap   total 151552K, used 6890K [0x0000000703000000, 0x0000000800000000)
  region size 2048K, 1 young (2048K), 1 survivors (2048K)
 Metaspace       used 7488K, committed 7872K, reserved 1114112K
  class space    used 691K, committed 832K, reserved 1048576K
}
Event: 8342.075 GC heap before
{Heap before GC invocations=14511 (full 0):
 garbage-first heap   total 49152K, used 33514K [0x0000000703000000, 0x0000000800000000)
  region size 2048K, 14 young (28672K), 1 survivors (2048K)
 Metaspace       used 7488K, committed 7872K, reserved 1114112K
  class space    used 691K, committed 832K, reserved 1048576K
}
Event: 8342.076 GC heap after
{Heap after GC invocations=14512 (full 0):
 garbage-first heap   total 49152K, used 7071K [0x0000000703000000, 0x0000000800000000)
  region size 2048K, 1 young (2048K), 1 survivors (2048K)
 Metaspace       used 7488K, committed 7872K, reserved 1114112K
  class space    used 691K, committed 832K, reserved 1048576K
}
Event: 8342.251 GC heap before
{Heap before GC invocations=14512 (full 0):
 garbage-first heap   total 49152K, used 31647K [0x0000000703000000, 0x0000000800000000)
  region size 2048K, 14 young (28672K), 1 survivors (2048K)
 Metaspace       used 7488K, committed 7872K, reserved 1114112K
  class space    used 691K, committed 832K, reserved 1048576K
}
Event: 8342.252 GC heap after
{Heap after GC invocations=14513 (full 0):
 garbage-first heap   total 49152K, used 7255K [0x0000000703000000, 0x0000000800000000)
  region size 2048K, 1 young (2048K), 1 survivors (2048K)
 Metaspace       used 7488K, committed 7872K, reserved 1114112K
  class space    used 691K, committed 832K, reserved 1048576K
}
Event: 8342.451 GC heap before
{Heap before GC invocations=14513 (full 0):
 garbage-first heap   total 49152K, used 31831K [0x0000000703000000, 0x0000000800000000)
  region size 2048K, 14 young (28672K), 1 survivors (2048K)
 Metaspace       used 7488K, committed 7872K, reserved 1114112K
  class space    used 691K, committed 832K, reserved 1048576K
}
Event: 8342.452 GC heap after
{Heap after GC invocations=14514 (full 0):
 garbage-first heap   total 49152K, used 6880K [0x0000000703000000, 0x0000000800000000)
  region size 2048K, 1 young (2048K), 1 survivors (2048K)
 Metaspace       used 7488K, committed 7872K, reserved 1114112K
  class space    used 691K, committed 832K, reserved 1048576K
}
Event: 8342.615 GC heap before
{Heap before GC invocations=14515 (full 0):
 garbage-first heap   total 49152K, used 31456K [0x0000000703000000, 0x0000000800000000)
  region size 2048K, 14 young (28672K), 1 survivors (2048K)
 Metaspace       used 7488K, committed 7872K, reserved 1114112K
  class space    used 691K, committed 832K, reserved 1048576K
}
Event: 8342.616 GC heap after
{Heap after GC invocations=14516 (full 0):
 garbage-first heap   total 49152K, used 7035K [0x0000000703000000, 0x0000000800000000)
  region size 2048K, 1 young (2048K), 1 survivors (2048K)
 Metaspace       used 7488K, committed 7872K, reserved 1114112K
  class space    used 691K, committed 832K, reserved 1048576K
}
Event: 8342.905 GC heap before
{Heap before GC invocations=14516 (full 0):
 garbage-first heap   total 49152K, used 31611K [0x0000000703000000, 0x0000000800000000)
  region size 2048K, 14 young (28672K), 1 survivors (2048K)
 Metaspace       used 7488K, committed 7872K, reserved 1114112K
  class space    used 691K, committed 832K, reserved 1048576K
}
Event: 8342.907 GC heap after
{Heap after GC invocations=14517 (full 0):
 garbage-first heap   total 49152K, used 7253K [0x0000000703000000, 0x0000000800000000)
  region size 2048K, 1 young (2048K), 1 survivors (2048K)
 Metaspace       used 7488K, committed 7872K, reserved 1114112K
  class space    used 691K, committed 832K, reserved 1048576K
}
Event: 8343.244 GC heap before
{Heap before GC invocations=14517 (full 0):
 garbage-first heap   total 49152K, used 31829K [0x0000000703000000, 0x0000000800000000)
  region size 2048K, 14 young (28672K), 1 survivors (2048K)
 Metaspace       used 7488K, committed 7872K, reserved 1114112K
  class space    used 691K, committed 832K, reserved 1048576K
}
Event: 8343.247 GC heap after
{Heap after GC invocations=14518 (full 0):
 garbage-first heap   total 49152K, used 7397K [0x0000000703000000, 0x0000000800000000)
  region size 2048K, 1 young (2048K), 1 survivors (2048K)
 Metaspace       used 7488K, committed 7872K, reserved 1114112K
  class space    used 691K, committed 832K, reserved 1048576K
}
Event: 8343.571 GC heap before
{Heap before GC invocations=14519 (full 0):
 garbage-first heap   total 49152K, used 31973K [0x0000000703000000, 0x0000000800000000)
  region size 2048K, 14 young (28672K), 1 survivors (2048K)
 Metaspace       used 7488K, committed 7872K, reserved 1114112K
  class space    used 691K, committed 832K, reserved 1048576K
}

