# JRE version: Java(TM) SE Runtime Environment (20.0.2+9) (build 20.0.2+9-78)
# Java VM: Java HotSpot(TM) 64-Bit Server VM (20.0.2+9-78, mixed mode, sharing, tiered, compressed oops, compressed class ptrs, g1 gc, windows-amd64)
GC Precious Log:
 CardTable entry size: 512
 Card Set container configuration: InlinePtr #cards 4 size 8 Array Of Cards #cards 16 size 48 Howl #buckets 8 coarsen threshold 3686 Howl Bitmap #cards 512 size 80 coarsen threshold 460 Card regions per heap region 1 cards per card region 4096
 CPUs: 8 total, 8 available
 Memory: 16191M
 Large Page Support: Disabled
 NUMA Support: Disabled
 Compressed Oops: Enabled (Zero based)
 Heap Region Size: 2M
 Heap Min Capacity: 8M
 Heap Initial Capacity: 254M
 Heap Max Capacity: 4048M
 Pre-touch: Disabled
 Parallel Workers: 8
 Concurrent Workers: 2
 Concurrent Refinement Workers: 8
 Periodic GC: Disabled
Heap:
 garbage-first heap   total 1253376K, used 563591K [0x0000000703000000, 0x0000000800000000)
  region size 2048K, 9 young (18432K), 9 survivors (18432K)
 Metaspace       used 8557K, committed 8832K, reserved 1114112K
  class space    used 818K, committed 960K, reserved 1048576K
GC Heap History (20 events):
Event: 24194.831 GC heap after
{Heap after GC invocations=3902 (full 0):
 garbage-first heap   total 1253376K, used 568506K [0x0000000703000000, 0x0000000800000000)
  region size 2048K, 9 young (18432K), 9 survivors (18432K)
 Metaspace       used 8557K, committed 8832K, reserved 1114112K
  class space    used 818K, committed 960K, reserved 1048576K
}
Event: 24194.885 GC heap before
{Heap before GC invocations=3902 (full 0):
 garbage-first heap   total 1253376K, used 586938K [0x0000000703000000, 0x0000000800000000)
  region size 2048K, 13 young (26624K), 9 survivors (18432K)
 Metaspace       used 8557K, committed 8832K, reserved 1114112K
  class space    used 818K, committed 960K, reserved 1048576K
}
Event: 24194.900 GC heap after
{Heap after GC invocations=3903 (full 0):
 garbage-first heap   total 1253376K, used 567695K [0x0000000703000000, 0x0000000800000000)
  region size 2048K, 9 young (18432K), 9 survivors (18432K)
 Metaspace       used 8557K, committed 8832K, reserved 1114112K
  class space    used 818K, committed 960K, reserved 1048576K
}
Event: 24201.308 GC heap before
{Heap before GC invocations=3903 (full 0):
 garbage-first heap   total 1253376K, used 1173903K [0x0000000703000000, 0x0000000800000000)
  region size 2048K, 302 young (618496K), 9 survivors (18432K)
 Metaspace       used 8557K, committed 8832K, reserved 1114112K
  class space    used 818K, committed 960K, reserved 1048576K
}
Event: 24201.322 GC heap after
{Heap after GC invocations=3904 (full 0):
 garbage-first heap   total 1253376K, used 565195K [0x0000000703000000, 0x0000000800000000)
  region size 2048K, 9 young (18432K), 9 survivors (18432K)
 Metaspace       used 8557K, committed 8832K, reserved 1114112K
  class space    used 818K, committed 960K, reserved 1048576K
}
Event: 24207.576 GC heap before
{Heap before GC invocations=3904 (full 0):
 garbage-first heap   total 1253376K, used 1167307K [0x0000000703000000, 0x0000000800000000)
  region size 2048K, 304 young (622592K), 9 survivors (18432K)
 Metaspace       used 8557K, committed 8832K, reserved 1114112K
  class space    used 818K, committed 960K, reserved 1048576K
}
Event: 24207.588 GC heap after
{Heap after GC invocations=3905 (full 0):
 garbage-first heap   total 1253376K, used 563599K [0x0000000703000000, 0x0000000800000000)
  region size 2048K, 9 young (18432K), 9 survivors (18432K)
 Metaspace       used 8557K, committed 8832K, reserved 1114112K
  class space    used 818K, committed 960K, reserved 1048576K
}
Event: 24211.806 GC heap before
{Heap before GC invocations=3905 (full 0):
 garbage-first heap   total 1253376K, used 973199K [0x0000000703000000, 0x0000000800000000)
  region size 2048K, 202 young (413696K), 9 survivors (18432K)
 Metaspace       used 8557K, committed 8832K, reserved 1114112K
  class space    used 818K, committed 960K, reserved 1048576K
}
Event: 24211.820 GC heap after
{Heap after GC invocations=3906 (full 0):
 garbage-first heap   total 1253376K, used 568476K [0x0000000703000000, 0x0000000800000000)
  region size 2048K, 9 young (18432K), 9 survivors (18432K)
 Metaspace       used 8557K, committed 8832K, reserved 1114112K
  class space    used 818K, committed 960K, reserved 1048576K
}
Event: 24216.641 GC heap before
{Heap before GC invocations=3906 (full 0):
 garbage-first heap   total 1253376K, used 1014940K [0x0000000703000000, 0x0000000800000000)
  region size 2048K, 222 young (454656K), 9 survivors (18432K)
 Metaspace       used 8557K, committed 8832K, reserved 1114112K
  class space    used 818K, committed 960K, reserved 1048576K
}
Event: 24216.653 GC heap after
{Heap after GC invocations=3907 (full 0):
 garbage-first heap   total 1253376K, used 568470K [0x0000000703000000, 0x0000000800000000)
  region size 2048K, 9 young (18432K), 9 survivors (18432K)
 Metaspace       used 8557K, committed 8832K, reserved 1114112K
  class space    used 818K, committed 960K, reserved 1048576K
}
Event: 24216.671 GC heap before
{Heap before GC invocations=3907 (full 0):
 garbage-first heap   total 1253376K, used 582806K [0x0000000703000000, 0x0000000800000000)
  region size 2048K, 10 young (20480K), 9 survivors (18432K)
 Metaspace       used 8557K, committed 8832K, reserved 1114112K
  class space    used 818K, committed 960K, reserved 1048576K
}
Event: 24216.683 GC heap after
{Heap after GC invocations=3908 (full 0):
 garbage-first heap   total 1253376K, used 569738K [0x0000000703000000, 0x0000000800000000)
  region size 2048K, 10 young (20480K), 10 survivors (20480K)
 Metaspace       used 8557K, committed 8832K, reserved 1114112K
  class space    used 818K, committed 960K, reserved 1048576K
}
Event: 24216.690 GC heap before
{Heap before GC invocations=3908 (full 0):
 garbage-first heap   total 1253376K, used 582026K [0x0000000703000000, 0x0000000800000000)
  region size 2048K, 11 young (22528K), 10 survivors (20480K)
 Metaspace       used 8557K, committed 8832K, reserved 1114112K
  class space    used 818K, committed 960K, reserved 1048576K
}
Event: 24216.704 GC heap after
{Heap after GC invocations=3909 (full 0):
 garbage-first heap   total 1253376K, used 570311K [0x0000000703000000, 0x0000000800000000)
  region size 2048K, 9 young (18432K), 9 survivors (18432K)
 Metaspace       used 8557K, committed 8832K, reserved 1114112K
  class space    used 818K, committed 960K, reserved 1048576K
}
Event: 24216.738 GC heap before
{Heap before GC invocations=3909 (full 0):
 garbage-first heap   total 1253376K, used 584647K [0x0000000703000000, 0x0000000800000000)
  region size 2048K, 12 young (24576K), 9 survivors (18432K)
 Metaspace       used 8557K, committed 8832K, reserved 1114112K
  class space    used 818K, committed 960K, reserved 1048576K
}
Event: 24216.753 GC heap after
{Heap after GC invocations=3910 (full 0):
 garbage-first heap   total 1253376K, used 572175K [0x0000000703000000, 0x0000000800000000)
  region size 2048K, 9 young (18432K), 9 survivors (18432K)
 Metaspace       used 8557K, committed 8832K, reserved 1114112K
  class space    used 818K, committed 960K, reserved 1048576K
}
Event: 24216.764 GC heap before
{Heap before GC invocations=3910 (full 0):
 garbage-first heap   total 1253376K, used 582415K [0x0000000703000000, 0x0000000800000000)
  region size 2048K, 10 young (20480K), 9 survivors (18432K)
 Metaspace       used 8557K, committed 8832K, reserved 1114112K
  class space    used 818K, committed 960K, reserved 1048576K
}
Event: 24216.778 GC heap after
{Heap after GC invocations=3911 (full 0):
 garbage-first heap   total 1253376K, used 567867K [0x0000000703000000, 0x0000000800000000)
  region size 2048K, 9 young (18432K), 9 survivors (18432K)
 Metaspace       used 8557K, committed 8832K, reserved 1114112K
  class space    used 818K, committed 960K, reserved 1048576K
}
Event: 24222.622 GC heap before
{Heap before GC invocations=3911 (full 0):
 garbage-first heap   total 1253376K, used 1147451K [0x0000000703000000, 0x0000000800000000)
  region size 2048K, 291 young (595968K), 9 survivors (18432K)
 Metaspace       used 8557K, committed 8832K, reserved 1114112K
  class space    used 818K, committed 960K, reserved 1048576K
}

